<?xml version="1.0" encoding="UTF-8"?>
<!-- Generated by org.testng.reporters.JUnitXMLReporter -->
<testsuite hostname="DESKTOP-QI6818R" ignored="1" name="Default test" tests="6" failures="0" timestamp="19 Jul 2018 12:54:14 GMT" time="0.127" errors="0">
  <testcase name="duplicate" time="0.018" classname="stringfunctions.TestString"/>
  <testcase name="largestSmallest" time="0.003" classname="stringfunctions.TestString"/>
  <testcase name="palindromTest" time="0.003" classname="stringfunctions.TestString"/>
  <testcase name="stringManipulation" time="0.005" classname="stringfunctions.TestString"/>
  <testcase name="twoLargNumbersInArray" time="0.004" classname="stringfunctions.TestString"/>
  <testcase name="revString" time="0.004" classname="stringfunctions.TestString"/>
  <testcase name="reverseString" time="0.0" classname="stringfunctions.TestString">
    <ignored/>
  </testcase> <!-- reverseString -->
</testsuite> <!-- Default test -->
