<?xml version="1.0" encoding="UTF-8"?>
<!-- Generated by org.testng.reporters.JUnitXMLReporter -->
<testsuite hostname="DESKTOP-QI6818R" ignored="0" tests="5" failures="0" timestamp="14 Jul 2018 18:33:57 GMT" time="0.215" errors="0">
  <testcase name="Car1" time="0.06" classname="TestNgGroupingEx"/>
  <testcase name="Car2" time="0.004" classname="TestNgGroupingEx"/>
  <testcase name="Scooter1" time="0.002" classname="TestNgGroupingEx"/>
  <testcase name="Scooter2" time="0.003" classname="TestNgGroupingEx"/>
  <testcase name="Sedan1" time="0.003" classname="TestNgGroupingEx"/>
</testsuite>
