<?xml version="1.0" encoding="UTF-8"?>
<testng-results skipped="0" failed="0" ignored="0" total="2" passed="2">
  <reporter-output>
  </reporter-output>
  <suite name="Default suite" duration-ms="92" started-at="2018-09-07T07:14:25Z" finished-at="2018-09-07T07:14:25Z">
    <groups>
    </groups>
    <test name="Default test" duration-ms="92" started-at="2018-09-07T07:14:25Z" finished-at="2018-09-07T07:14:25Z">
      <class name="src.testngConcepts.TestNgTestExample">
        <test-method status="PASS" signature="beforeSuite()[pri:0, instance:src.testngConcepts.TestNgTestExample@25af5db5]" name="beforeSuite" is-config="true" duration-ms="19" started-at="2018-09-07T07:14:25Z" finished-at="2018-09-07T07:14:25Z">
          <reporter-output>
          </reporter-output>
        </test-method> <!-- beforeSuite -->
        <test-method status="PASS" signature="beforeTest()[pri:0, instance:src.testngConcepts.TestNgTestExample@25af5db5]" name="beforeTest" is-config="true" duration-ms="1" started-at="2018-09-07T07:14:25Z" finished-at="2018-09-07T07:14:25Z">
          <reporter-output>
          </reporter-output>
        </test-method> <!-- beforeTest -->
        <test-method status="PASS" signature="beforeClass()[pri:0, instance:src.testngConcepts.TestNgTestExample@25af5db5]" name="beforeClass" is-config="true" duration-ms="1" started-at="2018-09-07T07:14:25Z" finished-at="2018-09-07T07:14:25Z">
          <reporter-output>
          </reporter-output>
        </test-method> <!-- beforeClass -->
        <test-method status="PASS" signature="beforeMethod()[pri:0, instance:src.testngConcepts.TestNgTestExample@25af5db5]" name="beforeMethod" is-config="true" duration-ms="1" started-at="2018-09-07T07:14:25Z" finished-at="2018-09-07T07:14:25Z">
          <reporter-output>
          </reporter-output>
        </test-method> <!-- beforeMethod -->
        <test-method status="PASS" signature="testCase1()[pri:0, instance:src.testngConcepts.TestNgTestExample@25af5db5]" name="testCase1" duration-ms="16" started-at="2018-09-07T07:14:25Z" finished-at="2018-09-07T07:14:25Z">
          <reporter-output>
          </reporter-output>
        </test-method> <!-- testCase1 -->
        <test-method status="PASS" signature="afterMethod()[pri:0, instance:src.testngConcepts.TestNgTestExample@25af5db5]" name="afterMethod" is-config="true" duration-ms="0" started-at="2018-09-07T07:14:25Z" finished-at="2018-09-07T07:14:25Z">
          <reporter-output>
          </reporter-output>
        </test-method> <!-- afterMethod -->
        <test-method status="PASS" signature="beforeMethod()[pri:0, instance:src.testngConcepts.TestNgTestExample@25af5db5]" name="beforeMethod" is-config="true" duration-ms="1" started-at="2018-09-07T07:14:25Z" finished-at="2018-09-07T07:14:25Z">
          <reporter-output>
          </reporter-output>
        </test-method> <!-- beforeMethod -->
        <test-method status="PASS" signature="testCase2()[pri:0, instance:src.testngConcepts.TestNgTestExample@25af5db5]" name="testCase2" duration-ms="4" started-at="2018-09-07T07:14:25Z" finished-at="2018-09-07T07:14:25Z">
          <reporter-output>
          </reporter-output>
        </test-method> <!-- testCase2 -->
        <test-method status="PASS" signature="afterMethod()[pri:0, instance:src.testngConcepts.TestNgTestExample@25af5db5]" name="afterMethod" is-config="true" duration-ms="4" started-at="2018-09-07T07:14:25Z" finished-at="2018-09-07T07:14:25Z">
          <reporter-output>
          </reporter-output>
        </test-method> <!-- afterMethod -->
        <test-method status="PASS" signature="afterClass()[pri:0, instance:src.testngConcepts.TestNgTestExample@25af5db5]" name="afterClass" is-config="true" duration-ms="6" started-at="2018-09-07T07:14:25Z" finished-at="2018-09-07T07:14:25Z">
          <reporter-output>
          </reporter-output>
        </test-method> <!-- afterClass -->
        <test-method status="PASS" signature="afterTest()[pri:0, instance:src.testngConcepts.TestNgTestExample@25af5db5]" name="afterTest" is-config="true" duration-ms="2" started-at="2018-09-07T07:14:25Z" finished-at="2018-09-07T07:14:25Z">
          <reporter-output>
          </reporter-output>
        </test-method> <!-- afterTest -->
        <test-method status="PASS" signature="afterSuite()[pri:0, instance:src.testngConcepts.TestNgTestExample@25af5db5]" name="afterSuite" is-config="true" duration-ms="1" started-at="2018-09-07T07:14:26Z" finished-at="2018-09-07T07:14:26Z">
          <reporter-output>
          </reporter-output>
        </test-method> <!-- afterSuite -->
      </class> <!-- src.testngConcepts.TestNgTestExample -->
    </test> <!-- Default test -->
  </suite> <!-- Default suite -->
</testng-results>
